c:\users\krahnja\onedrive - university of wisconsin - platteville\year3\fall 2021\data structures\program2\krahn-ds-program2\krahn-ds-program2\debug\vc142.pdb
c:\users\krahnja\onedrive - university of wisconsin - platteville\year3\fall 2021\data structures\program2\krahn-ds-program2\krahn-ds-program2\debug\vc142.idb
c:\users\krahnja\onedrive - university of wisconsin - platteville\year3\fall 2021\data structures\program2\krahn-ds-program2\krahn-ds-program2\debug\fruit.obj
c:\users\krahnja\onedrive - university of wisconsin - platteville\year3\fall 2021\data structures\program2\krahn-ds-program2\krahn-ds-program2\debug\catalog.obj
c:\users\krahnja\onedrive - university of wisconsin - platteville\year3\fall 2021\data structures\program2\krahn-ds-program2\krahn-ds-program2\debug\llist.obj
c:\users\krahnja\onedrive - university of wisconsin - platteville\year3\fall 2021\data structures\program2\krahn-ds-program2\krahn-ds-program2\debug\prog2.obj
c:\users\krahnja\onedrive - university of wisconsin - platteville\year3\fall 2021\data structures\program2\krahn-ds-program2\debug\krahn-ds-program2.exe
c:\users\krahnja\onedrive - university of wisconsin - platteville\year3\fall 2021\data structures\program2\krahn-ds-program2\krahn-ds-program2\debug\krahn-ds-program2.ilk
c:\users\krahnja\onedrive - university of wisconsin - platteville\year3\fall 2021\data structures\program2\krahn-ds-program2\debug\krahn-ds-program2.pdb
c:\users\jasmi\onedrive - university of wisconsin - platteville\year3\fall 2021\data structures\program2\krahn-ds-program2\krahn-ds-program2\debug\catalog.obj
c:\users\jasmi\onedrive - university of wisconsin - platteville\year3\fall 2021\data structures\program2\krahn-ds-program2\krahn-ds-program2\debug\fruit.obj
c:\users\jasmi\onedrive - university of wisconsin - platteville\year3\fall 2021\data structures\program2\krahn-ds-program2\krahn-ds-program2\debug\llist.obj
c:\users\jasmi\onedrive - university of wisconsin - platteville\year3\fall 2021\data structures\program2\krahn-ds-program2\krahn-ds-program2\debug\prog2.obj
c:\users\jasmi\onedrive - university of wisconsin - platteville\year3\fall 2021\data structures\program2\krahn-ds-program2\krahn-ds-program2\debug\llist.obj.enc
c:\users\jasmi\onedrive - university of wisconsin - platteville\year3\fall 2021\data structures\program2\krahn-ds-program2\krahn-ds-program2\debug\krahn-ds-program2.ilk
c:\users\jasmi\onedrive - university of wisconsin - platteville\year3\fall 2021\data structures\program2\krahn-ds-program2\krahn-ds-program2\debug\vc142.idb
c:\users\jasmi\onedrive - university of wisconsin - platteville\year3\fall 2021\data structures\program2\krahn-ds-program2\krahn-ds-program2\debug\vc142.pdb
c:\users\jasmi\onedrive - university of wisconsin - platteville\year3\fall 2021\data structures\program2\krahn-ds-program2\debug\krahn-ds-program2.pdb
c:\users\jasmi\onedrive - university of wisconsin - platteville\year3\fall 2021\data structures\program2\krahn-ds-program2\debug\krahn-ds-program2.exe
c:\users\jasmi\onedrive - university of wisconsin - platteville\year3\fall 2021\data structures\program2\krahn-ds-program2\krahn-ds-program2\debug\krahn-ds.fcc3c984.tlog\cl.command.1.tlog
c:\users\jasmi\onedrive - university of wisconsin - platteville\year3\fall 2021\data structures\program2\krahn-ds-program2\krahn-ds-program2\debug\krahn-ds.fcc3c984.tlog\cl.read.1.tlog
c:\users\jasmi\onedrive - university of wisconsin - platteville\year3\fall 2021\data structures\program2\krahn-ds-program2\krahn-ds-program2\debug\krahn-ds.fcc3c984.tlog\cl.write.1.tlog
c:\users\jasmi\onedrive - university of wisconsin - platteville\year3\fall 2021\data structures\program2\krahn-ds-program2\krahn-ds-program2\debug\krahn-ds.fcc3c984.tlog\link.command.1.tlog
c:\users\jasmi\onedrive - university of wisconsin - platteville\year3\fall 2021\data structures\program2\krahn-ds-program2\krahn-ds-program2\debug\krahn-ds.fcc3c984.tlog\link.read.1.tlog
c:\users\jasmi\onedrive - university of wisconsin - platteville\year3\fall 2021\data structures\program2\krahn-ds-program2\krahn-ds-program2\debug\krahn-ds.fcc3c984.tlog\link.write.1.tlog
